app-android/build/outputs/logs/manifest-merger-debug-report.txt
-- Merging decision tree log ---
manifest
ADDED from src\main\AndroidManifest.xml:2:1-313:12
	xmlns:android
		ADDED from src\main\AndroidManifest.xml:2:11-69
	package
		ADDED from src\main\AndroidManifest.xml:3:5-33
		INJECTED from src\main\AndroidManifest.xml
		INJECTED from src\main\AndroidManifest.xml
	android:versionName
		INJECTED from src\main\AndroidManifest.xml
		INJECTED from src\main\AndroidManifest.xml
	android:versionCode
		INJECTED from src\main\AndroidManifest.xml
		INJECTED from src\main\AndroidManifest.xml
uses-permission#android.permission.INTERNET
ADDED from src\main\AndroidManifest.xml:5:5-67
	android:name
		ADDED from src\main\AndroidManifest.xml:5:22-64
uses-permission#android.permission.ACCESS_NETWORK_STATE
ADDED from src\main\AndroidManifest.xml:6:5-79
	android:name
		ADDED from src\main\AndroidManifest.xml:6:22-76
uses-permission#android.permission.WRITE_EXTERNAL_STORAGE
ADDED from src\main\AndroidManifest.xml:7:5-81
	android:name
		ADDED from src\main\AndroidManifest.xml:7:22-78
uses-permission#android.permission.INTERACT_ACROSS_USERS_FULL
ADDED from src\main\AndroidManifest.xml:8:5-85
	android:name
		ADDED from src\main\AndroidManifest.xml:8:22-82
uses-permission#android.permission.GET_ACCOUNTS
ADDED from src\main\AndroidManifest.xml:9:5-71
	android:name
		ADDED from src\main\AndroidManifest.xml:9:22-68
uses-permission#android.permission.MANAGE_ACCOUNTS
ADDED from src\main\AndroidManifest.xml:10:5-74
	android:name
		ADDED from src\main\AndroidManifest.xml:10:22-71
uses-permission#android.permission.AUTHENTICATE_ACCOUNTS
ADDED from src\main\AndroidManifest.xml:11:5-80
	android:name
		ADDED from src\main\AndroidManifest.xml:11:22-77
uses-permission#android.permission.READ_CONTACTS
ADDED from src\main\AndroidManifest.xml:12:5-72
	android:name
		ADDED from src\main\AndroidManifest.xml:12:22-69
uses-permission#android.permission.WRITE_CONTACTS
ADDED from src\main\AndroidManifest.xml:13:5-73
	android:name
		ADDED from src\main\AndroidManifest.xml:13:22-70
uses-permission#android.permission.WAKE_LOCK
ADDED from src\main\AndroidManifest.xml:14:5-68
	android:name
		ADDED from src\main\AndroidManifest.xml:14:22-65
uses-permission#android.permission.RECORD_AUDIO
ADDED from src\main\AndroidManifest.xml:15:5-71
	android:name
		ADDED from src\main\AndroidManifest.xml:15:22-68
uses-permission#android.permission.VIBRATE
ADDED from src\main\AndroidManifest.xml:16:5-66
	android:name
		ADDED from src\main\AndroidManifest.xml:16:22-63
uses-permission#android.permission.ACCESS_COARSE_LOCATION
ADDED from src\main\AndroidManifest.xml:17:5-81
	android:name
		ADDED from src\main\AndroidManifest.xml:17:22-78
uses-permission#android.permission.ACCESS_FINE_LOCATION
ADDED from src\main\AndroidManifest.xml:18:5-79
	android:name
		ADDED from src\main\AndroidManifest.xml:18:22-76
uses-permission#android.permission.READ_PROFILE
ADDED from src\main\AndroidManifest.xml:19:5-71
	android:name
		ADDED from src\main\AndroidManifest.xml:19:22-68
uses-permission#android.permission.SYSTEM_ALERT_WINDOW
ADDED from src\main\AndroidManifest.xml:20:5-78
	android:name
		ADDED from src\main\AndroidManifest.xml:20:22-75
uses-permission#android.permission.CAMERA
ADDED from src\main\AndroidManifest.xml:21:5-65
	android:name
		ADDED from src\main\AndroidManifest.xml:21:22-62
uses-permission#android.permission.MODIFY_AUDIO_SETTINGS
ADDED from src\main\AndroidManifest.xml:22:5-80
	android:name
		ADDED from src\main\AndroidManifest.xml:22:22-77
permission#${applicationId}.permission.C2D_MESSAGE
ADDED from src\main\AndroidManifest.xml:24:5-26:47
	android:protectionLevel
		ADDED from src\main\AndroidManifest.xml:26:9-44
	android:name
		ADDED from src\main\AndroidManifest.xml:25:9-63
		INJECTED from src\main\AndroidManifest.xml
uses-permission#${applicationId}.permission.C2D_MESSAGE
ADDED from src\main\AndroidManifest.xml:28:5-79
	android:name
		ADDED from src\main\AndroidManifest.xml:28:22-76
		INJECTED from src\main\AndroidManifest.xml
uses-permission#com.google.android.c2dm.permission.RECEIVE
ADDED from src\main\AndroidManifest.xml:29:5-82
	android:name
		ADDED from src\main\AndroidManifest.xml:29:22-79
uses-feature#0x00020000
ADDED from src\main\AndroidManifest.xml:31:5-33:35
	android:required
		ADDED from src\main\AndroidManifest.xml:33:9-32
	android:glEsVersion
		ADDED from src\main\AndroidManifest.xml:32:9-41
uses-feature#android.hardware.telephony
ADDED from src\main\AndroidManifest.xml:34:5-36:36
	android:required
		ADDED from src\main\AndroidManifest.xml:36:9-33
	android:name
		ADDED from src\main\AndroidManifest.xml:35:9-50
uses-feature#android.hardware.bluetooth
ADDED from src\main\AndroidManifest.xml:37:5-39:36
	android:required
		ADDED from src\main\AndroidManifest.xml:39:9-33
	android:name
		ADDED from src\main\AndroidManifest.xml:38:9-50
uses-feature#android.hardware.camera
ADDED from src\main\AndroidManifest.xml:40:5-42:36
	android:required
		ADDED from src\main\AndroidManifest.xml:42:9-33
	android:name
		ADDED from src\main\AndroidManifest.xml:41:9-47
uses-feature#android.hardware.location
ADDED from src\main\AndroidManifest.xml:43:5-45:36
	android:required
		ADDED from src\main\AndroidManifest.xml:45:9-33
	android:name
		ADDED from src\main\AndroidManifest.xml:44:9-49
uses-feature#android.hardware.microphone
ADDED from src\main\AndroidManifest.xml:46:5-48:36
	android:required
		ADDED from src\main\AndroidManifest.xml:48:9-33
	android:name
		ADDED from src\main\AndroidManifest.xml:47:9-51
application
ADDED from src\main\AndroidManifest.xml:50:5-312:19
MERGED from [com.android.support:support-v4:23.0.1] AndroidManifest.xml:22:5-20
MERGED from [com.droidkit:progress:0.5] AndroidManifest.xml:4:5-5:19
MERGED from [com.android.support:support-v4:23.0.1] AndroidManifest.xml:22:5-20
MERGED from [com.android.support:support-v4:23.0.1] AndroidManifest.xml:22:5-20
MERGED from [com.github.chrisbanes.photoview:library:1.2.3] AndroidManifest.xml:4:5-81
MERGED from [com.android.support:support-v4:23.0.1] AndroidManifest.xml:22:5-20
MERGED from [com.getbase:floatingactionbutton:1.5.1] AndroidManifest.xml:12:5-20
MERGED from [com.afollestad:material-dialogs:0.7.3.1] AndroidManifest.xml:12:5-20
MERGED from [com.android.support:support-v4:23.0.1] AndroidManifest.xml:22:5-20
MERGED from [com.android.support:appcompat-v7:23.0.1] AndroidManifest.xml:22:5-20
MERGED from [com.android.support:support-v4:23.0.1] AndroidManifest.xml:22:5-20
MERGED from [com.android.support:support-v4:23.0.1] AndroidManifest.xml:22:5-20
MERGED from [com.android.support:support-v4:23.0.1] AndroidManifest.xml:22:5-20
MERGED from [com.android.support:support-v13:23.0.1] AndroidManifest.xml:22:5-20
MERGED from [com.android.support:support-v4:23.0.1] AndroidManifest.xml:22:5-20
MERGED from [com.android.support:appcompat-v7:23.0.1] AndroidManifest.xml:22:5-20
MERGED from [com.android.support:support-v4:23.0.1] AndroidManifest.xml:22:5-20
MERGED from [com.android.support:palette-v7:23.0.1] AndroidManifest.xml:22:5-23:19
MERGED from [com.android.support:support-v4:23.0.1] AndroidManifest.xml:22:5-20
MERGED from [com.android.support:support-v4:23.0.1] AndroidManifest.xml:22:5-20
MERGED from [com.google.android.gms:play-services-gcm:7.5.0] AndroidManifest.xml:19:5-20
MERGED from [com.google.android.gms:play-services-base:7.5.0] AndroidManifest.xml:20:5-24:19
MERGED from [com.android.support:support-v4:23.0.1] AndroidManifest.xml:22:5-20
	android:label
		ADDED from src\main\AndroidManifest.xml:55:9-41
	android:allowBackup
		ADDED from src\main\AndroidManifest.xml:52:9-35
	android:icon
		ADDED from src\main\AndroidManifest.xml:54:9-45
	android:hardwareAccelerated
		ADDED from src\main\AndroidManifest.xml:53:9-43
	android:name
		ADDED from src\main\AndroidManifest.xml:51:9-63
activity#im.actor.messenger.app.fragment.tour.TourActivity
ADDED from src\main\AndroidManifest.xml:58:9-63:59
	android:windowSoftInputMode
		ADDED from src\main\AndroidManifest.xml:63:13-56
	android:screenOrientation
		ADDED from src\main\AndroidManifest.xml:61:13-49
	android:configChanges
		ADDED from src\main\AndroidManifest.xml:60:13-83
	android:theme
		ADDED from src\main\AndroidManifest.xml:62:13-54
	android:name
		ADDED from src\main\AndroidManifest.xml:59:13-59
activity#im.actor.messenger.app.fragment.auth.AuthActivity
ADDED from src\main\AndroidManifest.xml:67:9-71:58
	android:windowSoftInputMode
		ADDED from src\main\AndroidManifest.xml:71:13-55
	android:configChanges
		ADDED from src\main\AndroidManifest.xml:69:13-83
	android:theme
		ADDED from src\main\AndroidManifest.xml:70:13-55
	android:name
		ADDED from src\main\AndroidManifest.xml:68:13-59
activity#im.actor.messenger.app.fragment.auth.PickCountryActivity
ADDED from src\main\AndroidManifest.xml:73:9-77:58
	android:windowSoftInputMode
		ADDED from src\main\AndroidManifest.xml:77:13-55
	android:configChanges
		ADDED from src\main\AndroidManifest.xml:75:13-83
	android:theme
		ADDED from src\main\AndroidManifest.xml:76:13-55
	android:name
		ADDED from src\main\AndroidManifest.xml:74:13-66
activity#im.actor.messenger.app.activity.MainActivity
ADDED from src\main\AndroidManifest.xml:81:9-130:20
	android:windowSoftInputMode
		ADDED from src\main\AndroidManifest.xml:86:13-55
	android:label
		ADDED from src\main\AndroidManifest.xml:84:13-45
	android:configChanges
		ADDED from src\main\AndroidManifest.xml:83:13-83
	android:theme
		ADDED from src\main\AndroidManifest.xml:85:13-53
	android:name
		ADDED from src\main\AndroidManifest.xml:82:13-72
intent-filter#android.intent.action.MAIN+android.intent.category.LAUNCHER
ADDED from src\main\AndroidManifest.xml:87:13-91:29
action#android.intent.action.MAIN
ADDED from src\main\AndroidManifest.xml:88:17-69
	android:name
		ADDED from src\main\AndroidManifest.xml:88:25-66
category#android.intent.category.LAUNCHER
ADDED from src\main\AndroidManifest.xml:90:17-77
	android:name
		ADDED from src\main\AndroidManifest.xml:90:27-74
intent-filter#android.intent.action.VIEW+android.intent.category.DEFAULT
ADDED from src\main\AndroidManifest.xml:93:13-106:29
action#android.intent.action.VIEW
ADDED from src\main\AndroidManifest.xml:94:17-69
	android:name
		ADDED from src\main\AndroidManifest.xml:94:25-66
category#android.intent.category.DEFAULT
ADDED from src\main\AndroidManifest.xml:95:17-76
	android:name
		ADDED from src\main\AndroidManifest.xml:95:27-73
data
ADDED from src\main\AndroidManifest.xml:97:17-100:46
	android:host
		ADDED from src\main\AndroidManifest.xml:98:21-44
	android:pathPrefix
		ADDED from src\main\AndroidManifest.xml:99:21-48
	android:scheme
		ADDED from src\main\AndroidManifest.xml:100:21-43
intent-filter#android.intent.action.SEND+android.intent.action.SEND_MULTIPLE+android.intent.category.DEFAULT
ADDED from src\main\AndroidManifest.xml:122:13-128:29
action#android.intent.action.SEND
ADDED from src\main\AndroidManifest.xml:123:17-69
	android:name
		ADDED from src\main\AndroidManifest.xml:123:25-66
action#android.intent.action.SEND_MULTIPLE
ADDED from src\main\AndroidManifest.xml:124:17-78
	android:name
		ADDED from src\main\AndroidManifest.xml:124:25-75
activity#im.actor.messenger.app.fragment.chat.ChatActivity
ADDED from src\main\AndroidManifest.xml:132:9-136:58
	android:windowSoftInputMode
		ADDED from src\main\AndroidManifest.xml:136:13-55
	android:configChanges
		ADDED from src\main\AndroidManifest.xml:134:13-83
	android:theme
		ADDED from src\main\AndroidManifest.xml:135:13-53
	android:name
		ADDED from src\main\AndroidManifest.xml:133:13-59
activity#im.actor.messenger.app.fragment.profile.ProfileActivity
ADDED from src\main\AndroidManifest.xml:140:9-146:20
	android:windowSoftInputMode
		ADDED from src\main\AndroidManifest.xml:144:13-74
	android:configChanges
		ADDED from src\main\AndroidManifest.xml:142:13-83
	android:theme
		ADDED from src\main\AndroidManifest.xml:143:13-56
	android:name
		ADDED from src\main\AndroidManifest.xml:141:13-65
activity#im.actor.messenger.app.fragment.group.GroupInfoActivity
ADDED from src\main\AndroidManifest.xml:148:9-152:77
	android:windowSoftInputMode
		ADDED from src\main\AndroidManifest.xml:152:13-74
	android:configChanges
		ADDED from src\main\AndroidManifest.xml:150:13-83
	android:theme
		ADDED from src\main\AndroidManifest.xml:151:13-56
	android:name
		ADDED from src\main\AndroidManifest.xml:149:13-65
activity#im.actor.messenger.app.fragment.settings.MyProfileActivity
ADDED from src\main\AndroidManifest.xml:154:9-158:77
	android:windowSoftInputMode
		ADDED from src\main\AndroidManifest.xml:158:13-74
	android:configChanges
		ADDED from src\main\AndroidManifest.xml:156:13-83
	android:theme
		ADDED from src\main\AndroidManifest.xml:157:13-56
	android:name
		ADDED from src\main\AndroidManifest.xml:155:13-68
activity#im.actor.messenger.app.fragment.compose.ComposeActivity
ADDED from src\main\AndroidManifest.xml:162:9-166:58
	android:windowSoftInputMode
		ADDED from src\main\AndroidManifest.xml:166:13-55
	android:configChanges
		ADDED from src\main\AndroidManifest.xml:164:13-83
	android:theme
		ADDED from src\main\AndroidManifest.xml:165:13-55
	android:name
		ADDED from src\main\AndroidManifest.xml:163:13-65
activity#im.actor.messenger.app.fragment.group.AddMemberActivity
ADDED from src\main\AndroidManifest.xml:168:9-172:58
	android:windowSoftInputMode
		ADDED from src\main\AndroidManifest.xml:172:13-55
	android:configChanges
		ADDED from src\main\AndroidManifest.xml:170:13-83
	android:theme
		ADDED from src\main\AndroidManifest.xml:171:13-55
	android:name
		ADDED from src\main\AndroidManifest.xml:169:13-65
activity#im.actor.messenger.app.fragment.group.InviteLinkActivity
ADDED from src\main\AndroidManifest.xml:174:9-178:58
	android:windowSoftInputMode
		ADDED from src\main\AndroidManifest.xml:178:13-55
	android:configChanges
		ADDED from src\main\AndroidManifest.xml:176:13-83
	android:theme
		ADDED from src\main\AndroidManifest.xml:177:13-55
	android:name
		ADDED from src\main\AndroidManifest.xml:175:13-66
activity#im.actor.messenger.app.fragment.group.IntegrationTokenActivity
ADDED from src\main\AndroidManifest.xml:180:9-184:58
	android:windowSoftInputMode
		ADDED from src\main\AndroidManifest.xml:184:13-55
	android:configChanges
		ADDED from src\main\AndroidManifest.xml:182:13-83
	android:theme
		ADDED from src\main\AndroidManifest.xml:183:13-55
	android:name
		ADDED from src\main\AndroidManifest.xml:181:13-72
activity#im.actor.messenger.app.fragment.compose.CreateGroupActivity
ADDED from src\main\AndroidManifest.xml:186:9-190:71
	android:windowSoftInputMode
		ADDED from src\main\AndroidManifest.xml:190:13-68
	android:configChanges
		ADDED from src\main\AndroidManifest.xml:188:13-83
	android:theme
		ADDED from src\main\AndroidManifest.xml:189:13-55
	android:name
		ADDED from src\main\AndroidManifest.xml:187:13-69
activity#im.actor.messenger.app.fragment.settings.NotificationsActivity
ADDED from src\main\AndroidManifest.xml:194:9-198:77
	android:windowSoftInputMode
		ADDED from src\main\AndroidManifest.xml:198:13-74
	android:configChanges
		ADDED from src\main\AndroidManifest.xml:196:13-83
	android:theme
		ADDED from src\main\AndroidManifest.xml:197:13-55
	android:name
		ADDED from src\main\AndroidManifest.xml:195:13-72
activity#im.actor.messenger.app.fragment.settings.ChatSettingsActivity
ADDED from src\main\AndroidManifest.xml:200:9-204:77
	android:windowSoftInputMode
		ADDED from src\main\AndroidManifest.xml:204:13-74
	android:configChanges
		ADDED from src\main\AndroidManifest.xml:202:13-83
	android:theme
		ADDED from src\main\AndroidManifest.xml:203:13-55
	android:name
		ADDED from src\main\AndroidManifest.xml:201:13-71
activity#im.actor.messenger.app.fragment.help.HelpActivity
ADDED from src\main\AndroidManifest.xml:206:9-210:77
	android:windowSoftInputMode
		ADDED from src\main\AndroidManifest.xml:210:13-74
	android:configChanges
		ADDED from src\main\AndroidManifest.xml:208:13-83
	android:theme
		ADDED from src\main\AndroidManifest.xml:209:13-55
	android:name
		ADDED from src\main\AndroidManifest.xml:207:13-59
activity#im.actor.messenger.app.fragment.settings.SecuritySettingsActivity
ADDED from src\main\AndroidManifest.xml:212:9-216:77
	android:windowSoftInputMode
		ADDED from src\main\AndroidManifest.xml:216:13-74
	android:configChanges
		ADDED from src\main\AndroidManifest.xml:214:13-83
	android:theme
		ADDED from src\main\AndroidManifest.xml:215:13-55
	android:name
		ADDED from src\main\AndroidManifest.xml:213:13-75
activity#im.actor.messenger.app.fragment.preview.ViewAvatarActivity
ADDED from src\main\AndroidManifest.xml:220:9-224:77
	android:windowSoftInputMode
		ADDED from src\main\AndroidManifest.xml:224:13-74
	android:configChanges
		ADDED from src\main\AndroidManifest.xml:222:13-83
	android:theme
		ADDED from src\main\AndroidManifest.xml:223:13-55
	android:name
		ADDED from src\main\AndroidManifest.xml:221:13-68
activity#im.actor.messenger.app.fragment.preview.PictureActivity
ADDED from src\main\AndroidManifest.xml:226:9-230:58
	android:windowSoftInputMode
		ADDED from src\main\AndroidManifest.xml:230:13-55
	android:configChanges
		ADDED from src\main\AndroidManifest.xml:228:13-83
	android:theme
		ADDED from src\main\AndroidManifest.xml:229:13-58
	android:name
		ADDED from src\main\AndroidManifest.xml:227:13-65
activity#im.actor.messenger.app.fragment.preview.CodePreviewActivity
ADDED from src\main\AndroidManifest.xml:232:9-236:58
	android:windowSoftInputMode
		ADDED from src\main\AndroidManifest.xml:236:13-55
	android:configChanges
		ADDED from src\main\AndroidManifest.xml:234:13-83
	android:theme
		ADDED from src\main\AndroidManifest.xml:235:13-55
	android:name
		ADDED from src\main\AndroidManifest.xml:233:13-69
activity#im.actor.messenger.app.fragment.media.DocumentsActivity
ADDED from src\main\AndroidManifest.xml:238:9-242:58
	android:windowSoftInputMode
		ADDED from src\main\AndroidManifest.xml:242:13-55
	android:configChanges
		ADDED from src\main\AndroidManifest.xml:240:13-83
	android:theme
		ADDED from src\main\AndroidManifest.xml:241:13-55
	android:name
		ADDED from src\main\AndroidManifest.xml:239:13-65
activity#im.actor.messenger.app.fragment.settings.EditNameActivity
ADDED from src\main\AndroidManifest.xml:246:9-250:77
	android:windowSoftInputMode
		ADDED from src\main\AndroidManifest.xml:250:13-74
	android:configChanges
		ADDED from src\main\AndroidManifest.xml:248:13-83
	android:theme
		ADDED from src\main\AndroidManifest.xml:249:13-55
	android:name
		ADDED from src\main\AndroidManifest.xml:247:13-67
activity#im.actor.messenger.app.fragment.settings.EditAboutActivity
ADDED from src\main\AndroidManifest.xml:252:9-256:77
	android:windowSoftInputMode
		ADDED from src\main\AndroidManifest.xml:256:13-74
	android:configChanges
		ADDED from src\main\AndroidManifest.xml:254:13-83
	android:theme
		ADDED from src\main\AndroidManifest.xml:255:13-55
	android:name
		ADDED from src\main\AndroidManifest.xml:253:13-68
activity#im.actor.messenger.app.activity.AddContactActivity
ADDED from src\main\AndroidManifest.xml:258:9-262:77
	android:windowSoftInputMode
		ADDED from src\main\AndroidManifest.xml:262:13-74
	android:configChanges
		ADDED from src\main\AndroidManifest.xml:260:13-83
	android:theme
		ADDED from src\main\AndroidManifest.xml:261:13-55
	android:name
		ADDED from src\main\AndroidManifest.xml:259:13-78
activity#im.actor.messenger.app.fragment.group.JoinPublicGroupActivity
ADDED from src\main\AndroidManifest.xml:264:9-268:58
	android:windowSoftInputMode
		ADDED from src\main\AndroidManifest.xml:268:13-55
	android:configChanges
		ADDED from src\main\AndroidManifest.xml:266:13-83
	android:theme
		ADDED from src\main\AndroidManifest.xml:267:13-55
	android:name
		ADDED from src\main\AndroidManifest.xml:265:13-71
activity#im.actor.messenger.app.fragment.group.JoinGroupPopUpActivity
ADDED from src\main\AndroidManifest.xml:270:9-274:58
	android:windowSoftInputMode
		ADDED from src\main\AndroidManifest.xml:274:13-55
	android:configChanges
		ADDED from src\main\AndroidManifest.xml:272:13-83
	android:theme
		ADDED from src\main\AndroidManifest.xml:273:13-64
	android:name
		ADDED from src\main\AndroidManifest.xml:271:13-70
activity#im.actor.messenger.app.activity.TakePhotoActivity
ADDED from src\main\AndroidManifest.xml:277:9-280:56
	android:configChanges
		ADDED from src\main\AndroidManifest.xml:279:13-83
	android:theme
		ADDED from src\main\AndroidManifest.xml:280:13-53
	android:name
		ADDED from src\main\AndroidManifest.xml:278:13-59
activity#com.soundcloud.android.crop.CropImageActivity
ADDED from src\main\AndroidManifest.xml:282:9-82
	android:name
		ADDED from src\main\AndroidManifest.xml:282:19-79
activity#com.droidkit.pickers.file.FilePickerActivity
ADDED from src\main\AndroidManifest.xml:285:9-288:61
	android:label
		ADDED from src\main\AndroidManifest.xml:287:13-63
	android:theme
		ADDED from src\main\AndroidManifest.xml:288:13-58
	android:name
		ADDED from src\main\AndroidManifest.xml:286:13-72
meta-data#com.crashlytics.ApiKey
ADDED from src\main\AndroidManifest.xml:290:9-292:72
	android:name
		ADDED from src\main\AndroidManifest.xml:291:13-50
	android:value
		ADDED from src\main\AndroidManifest.xml:292:13-69
meta-data#com.google.android.maps.v2.API_KEY
ADDED from src\main\AndroidManifest.xml:294:9-296:71
	android:name
		ADDED from src\main\AndroidManifest.xml:295:13-62
	android:value
		ADDED from src\main\AndroidManifest.xml:296:13-68
service#im.actor.messenger.app.core.KeepAliveService
ADDED from src\main\AndroidManifest.xml:298:9-301:39
	android:exported
		ADDED from src\main\AndroidManifest.xml:301:13-36
	android:enabled
		ADDED from src\main\AndroidManifest.xml:300:13-35
	android:name
		ADDED from src\main\AndroidManifest.xml:299:13-54
receiver#im.actor.messenger.PushReceiver
ADDED from src\main\AndroidManifest.xml:303:9-311:20
	android:permission
		ADDED from src\main\AndroidManifest.xml:305:13-73
	android:name
		ADDED from src\main\AndroidManifest.xml:304:13-59
intent-filter#${applicationId}+com.google.android.c2dm.intent.RECEIVE
ADDED from src\main\AndroidManifest.xml:306:13-310:29
action#com.google.android.c2dm.intent.RECEIVE
ADDED from src\main\AndroidManifest.xml:307:17-81
	android:name
		ADDED from src\main\AndroidManifest.xml:307:25-78
category#${applicationId}
ADDED from src\main\AndroidManifest.xml:309:17-61
	android:name
		ADDED from src\main\AndroidManifest.xml:309:27-58
		INJECTED from src\main\AndroidManifest.xml
uses-sdk
INJECTED from src\main\AndroidManifest.xml reason: use-sdk injection requested
MERGED from [actor-apps:core-android:unspecified] AndroidManifest.xml:5:5-7:41
MERGED from [com.android.support:recyclerview-v7:23.0.1] AndroidManifest.xml:20:5-43
MERGED from [com.android.support:support-v4:23.0.1] AndroidManifest.xml:20:5-43
MERGED from [com.droidkit:progress:0.5] AndroidManifest.xml:2:5-73
MERGED from [com.soundcloud.android:android-crop:1.0.0] AndroidManifest.xml:6:5-8:41
MERGED from [com.facebook.fresco:fresco:0.1.0] AndroidManifest.xml:5:5-7:41
MERGED from [com.facebook.fresco:imagepipeline:0.1.0] AndroidManifest.xml:5:5-7:41
MERGED from [com.android.support:support-v4:23.0.1] AndroidManifest.xml:20:5-43
MERGED from [com.facebook.fresco:fbcore:0.1.0] AndroidManifest.xml:5:5-7:41
MERGED from [com.facebook.fresco:drawee:0.1.0] AndroidManifest.xml:5:5-7:41
MERGED from [com.android.support:support-v4:23.0.1] AndroidManifest.xml:20:5-43
MERGED from [com.facebook.fresco:fbcore:0.1.0] AndroidManifest.xml:5:5-7:41
MERGED from [com.facebook.fresco:fbcore:0.1.0] AndroidManifest.xml:5:5-7:41
MERGED from [com.github.chrisbanes.photoview:library:1.2.3] AndroidManifest.xml:2:5-72
MERGED from [com.android.support:support-v4:23.0.1] AndroidManifest.xml:20:5-43
MERGED from [com.getbase:floatingactionbutton:1.5.1] AndroidManifest.xml:8:5-10:41
MERGED from [com.afollestad:material-dialogs:0.7.3.1] AndroidManifest.xml:8:5-10:41
MERGED from [com.android.support:support-v4:23.0.1] AndroidManifest.xml:20:5-43
MERGED from [com.android.support:appcompat-v7:23.0.1] AndroidManifest.xml:20:5-43
MERGED from [com.android.support:support-v4:23.0.1] AndroidManifest.xml:20:5-43
MERGED from [com.android.support:recyclerview-v7:23.0.1] AndroidManifest.xml:20:5-43
MERGED from [com.android.support:support-v4:23.0.1] AndroidManifest.xml:20:5-43
MERGED from [com.android.support:support-v4:23.0.1] AndroidManifest.xml:20:5-43
MERGED from [com.android.support:support-v13:23.0.1] AndroidManifest.xml:20:5-44
MERGED from [com.android.support:support-v4:23.0.1] AndroidManifest.xml:20:5-43
MERGED from [com.android.support:appcompat-v7:23.0.1] AndroidManifest.xml:20:5-43
MERGED from [com.android.support:support-v4:23.0.1] AndroidManifest.xml:20:5-43
MERGED from [com.android.support:palette-v7:23.0.1] AndroidManifest.xml:20:5-43
MERGED from [com.android.support:support-v4:23.0.1] AndroidManifest.xml:20:5-43
MERGED from [com.android.support:recyclerview-v7:23.0.1] AndroidManifest.xml:20:5-43
MERGED from [com.android.support:support-v4:23.0.1] AndroidManifest.xml:20:5-43
MERGED from [com.google.android.gms:play-services-gcm:7.5.0] AndroidManifest.xml:18:5-42
MERGED from [com.google.android.gms:play-services-base:7.5.0] AndroidManifest.xml:18:5-42
MERGED from [com.android.support:support-v4:23.0.1] AndroidManifest.xml:20:5-43
	android:targetSdkVersion
		INJECTED from src\main\AndroidManifest.xml
		INJECTED from src\main\AndroidManifest.xml
	android:minSdkVersion
		INJECTED from src\main\AndroidManifest.xml
		INJECTED from src\main\AndroidManifest.xml
meta-data#com.google.android.gms.version
ADDED from [com.google.android.gms:play-services-base:7.5.0] AndroidManifest.xml:21:9-23:69
	android:name
		ADDED from [com.google.android.gms:play-services-base:7.5.0] AndroidManifest.xml:22:13-58
	android:value
		ADDED from [com.google.android.gms:play-services-base:7.5.0] AndroidManifest.xml:23:13-66